21:45:02,612 (main) DEBUG [DataNucleus.General] - Using PluginRegistry org.datanucleus.plugin.NonManagedPluginRegistry
21:45:02,645 (main) DEBUG [DataNucleus.General] - Registering bundle org.sonatype.inject version 2.3.0 at URL file:/C:/Users/sebastiand/.m2/repository/org/sonatype/sisu/sisu-inject-bean/2.3.0/sisu-inject-bean-2.3.0.jar.
21:45:02,685 (main) DEBUG [DataNucleus.General] - Loading extension points from plug-in file jar:file:/C:/Users/sebastiand/.m2/repository/org/sonatype/sisu/sisu-inject-bean/2.3.0/sisu-inject-bean-2.3.0.jar!/plugin.xml.
21:45:02,685 (main) DEBUG [DataNucleus.General] - Loading extensions from plug-in file jar:file:/C:/Users/sebastiand/.m2/repository/org/sonatype/sisu/sisu-inject-bean/2.3.0/sisu-inject-bean-2.3.0.jar!/plugin.xml.
21:45:02,689 (main) DEBUG [DataNucleus.General] - Registering bundle org.datanucleus version 5.1.2 at URL file:/C:/Users/sebastiand/.m2/repository/org/datanucleus/datanucleus-core/5.1.2/datanucleus-core-5.1.2.jar.
21:45:02,696 (main) DEBUG [DataNucleus.General] - Loading extension points from plug-in file jar:file:/C:/Users/sebastiand/.m2/repository/org/datanucleus/datanucleus-core/5.1.2/datanucleus-core-5.1.2.jar!/plugin.xml.
21:45:02,704 (main) DEBUG [DataNucleus.General] - Loading extensions from plug-in file jar:file:/C:/Users/sebastiand/.m2/repository/org/datanucleus/datanucleus-core/5.1.2/datanucleus-core-5.1.2.jar!/plugin.xml.
21:45:02,704 (main) DEBUG [DataNucleus.General] - Registering bundle org.datanucleus.api.jpa version 5.1.2 at URL file:/C:/Users/sebastiand/.m2/repository/org/datanucleus/datanucleus-api-jpa/5.1.2/datanucleus-api-jpa-5.1.2.jar.
21:45:02,717 (main) DEBUG [DataNucleus.General] - Loading extension points from plug-in file jar:file:/C:/Users/sebastiand/.m2/repository/org/datanucleus/datanucleus-api-jpa/5.1.2/datanucleus-api-jpa-5.1.2.jar!/plugin.xml.
21:45:02,719 (main) DEBUG [DataNucleus.General] - Loading extensions from plug-in file jar:file:/C:/Users/sebastiand/.m2/repository/org/datanucleus/datanucleus-api-jpa/5.1.2/datanucleus-api-jpa-5.1.2.jar!/plugin.xml.
21:45:02,722 (main) DEBUG [DataNucleus.General] - Registering bundle org.datanucleus.store.rdbms version 5.1.2 at URL file:/C:/Users/sebastiand/.m2/repository/org/datanucleus/datanucleus-rdbms/5.1.2/datanucleus-rdbms-5.1.2.jar.
21:45:02,729 (main) DEBUG [DataNucleus.General] - Loading extension points from plug-in file jar:file:/C:/Users/sebastiand/.m2/repository/org/datanucleus/datanucleus-rdbms/5.1.2/datanucleus-rdbms-5.1.2.jar!/plugin.xml.
21:45:02,733 (main) DEBUG [DataNucleus.General] - Loading extensions from plug-in file jar:file:/C:/Users/sebastiand/.m2/repository/org/datanucleus/datanucleus-rdbms/5.1.2/datanucleus-rdbms-5.1.2.jar!/plugin.xml.
21:45:02,769 (main) DEBUG [DataNucleus.Persistence] - Tipos de Java inicializando ...
21:45:02,824 (main) DEBUG [DataNucleus.Persistence] - Soporte para tipos de Java listo : tipos soportados = [B, [C, [D, [F, [I, [J, [Ljava.lang.Boolean;, [Ljava.lang.Byte;, [Ljava.lang.Character;, [Ljava.lang.Double;, [Ljava.lang.Enum;, [Ljava.lang.Float;, [Ljava.lang.Integer;, [Ljava.lang.Long;, [Ljava.lang.Number;, [Ljava.lang.Object;, [Ljava.lang.Short;, [Ljava.lang.String;, [Ljava.math.BigDecimal;, [Ljava.math.BigInteger;, [Ljava.util.Date;, [Ljava.util.Locale;, [S, [Z, boolean, byte, char, double, float, int, java.awt.Color, java.awt.image.BufferedImage, java.lang.Boolean, java.lang.Byte, java.lang.Character, java.lang.Class, java.lang.Double, java.lang.Enum, java.lang.Float, java.lang.Integer, java.lang.Long, java.lang.Number, java.lang.Short, java.lang.String, java.lang.StringBuffer, java.lang.StringBuilder, java.math.BigDecimal, java.math.BigInteger, java.net.URI, java.net.URL, java.sql.Date, java.sql.Time, java.sql.Timestamp, java.time.Duration, java.time.Instant, java.time.LocalDate, java.time.LocalDateTime, java.time.LocalTime, java.time.MonthDay, java.time.OffsetDateTime, java.time.OffsetTime, java.time.Period, java.time.Year, java.time.YearMonth, java.time.ZonedDateTime, java.time.ZoneId, java.time.ZoneOffset, java.util.ArrayList, java.util.Arrays$ArrayList, java.util.BitSet, java.util.Calendar, java.util.Collection, java.util.Currency, java.util.Date, java.util.GregorianCalendar, java.util.HashMap, java.util.HashSet, java.util.Hashtable, java.util.LinkedHashMap, java.util.LinkedHashSet, java.util.LinkedList, java.util.List, java.util.Locale, java.util.Map, java.util.Optional, java.util.PriorityQueue, java.util.Properties, java.util.Queue, java.util.Set, java.util.SortedMap, java.util.SortedSet, java.util.Stack, java.util.TimeZone, java.util.TreeMap, java.util.TreeSet, java.util.UUID, java.util.Vector, long, short
21:45:02,824 (main) DEBUG [DataNucleus.MetaData] - MetaDataManager : Input=(XML,Annotations), XML-Validation=false
21:45:02,824 (main) INFO  [DataNucleus.Enhancer] - DataNucleus Enhancer (versión 5.1.2) para el API "JPA" utilisando el JRE "{2}"
21:45:02,824 (main) DEBUG [DataNucleus.Enhancer] - DataNucleus Enhancer : Classpath
21:45:02,824 (main) DEBUG [DataNucleus.Enhancer] - >>  C:\Users\sebastiand\.m2\repository\org\datanucleus\datanucleus-maven-plugin\5.0.2\datanucleus-maven-plugin-5.0.2.jar
21:45:02,824 (main) DEBUG [DataNucleus.Enhancer] - >>  C:\Users\sebastiand\.m2\repository\org\codehaus\plexus\plexus-utils\3.0.8\plexus-utils-3.0.8.jar
21:45:02,824 (main) DEBUG [DataNucleus.Enhancer] - >>  C:\Users\sebastiand\.m2\repository\org\apache\maven\maven-artifact\3.0.4\maven-artifact-3.0.4.jar
21:45:02,824 (main) DEBUG [DataNucleus.Enhancer] - >>  C:\Users\sebastiand\.m2\repository\org\apache\maven\maven-plugin-api\3.0.4\maven-plugin-api-3.0.4.jar
21:45:02,824 (main) DEBUG [DataNucleus.Enhancer] - >>  C:\Users\sebastiand\.m2\repository\org\apache\maven\maven-model\3.0.4\maven-model-3.0.4.jar
21:45:02,824 (main) DEBUG [DataNucleus.Enhancer] - >>  C:\Users\sebastiand\.m2\repository\org\sonatype\sisu\sisu-inject-plexus\2.3.0\sisu-inject-plexus-2.3.0.jar
21:45:02,824 (main) DEBUG [DataNucleus.Enhancer] - >>  C:\Users\sebastiand\.m2\repository\org\codehaus\plexus\plexus-component-annotations\1.5.5\plexus-component-annotations-1.5.5.jar
21:45:02,824 (main) DEBUG [DataNucleus.Enhancer] - >>  C:\Users\sebastiand\.m2\repository\org\sonatype\sisu\sisu-inject-bean\2.3.0\sisu-inject-bean-2.3.0.jar
21:45:02,824 (main) DEBUG [DataNucleus.Enhancer] - >>  C:\Users\sebastiand\.m2\repository\org\sonatype\sisu\sisu-guice\3.1.0\sisu-guice-3.1.0-no_aop.jar
21:45:02,824 (main) DEBUG [DataNucleus.Enhancer] - >>  C:\Users\sebastiand\.m2\repository\org\sonatype\sisu\sisu-guava\0.9.9\sisu-guava-0.9.9.jar
21:45:02,824 (main) DEBUG [DataNucleus.Enhancer] - >>  C:\Users\sebastiand\.m2\repository\org\codehaus\plexus\plexus-container-default\1.5.5\plexus-container-default-1.5.5.jar
21:45:02,828 (main) DEBUG [DataNucleus.Enhancer] - >>  C:\Users\sebastiand\.m2\repository\org\codehaus\plexus\plexus-classworlds\2.2.2\plexus-classworlds-2.2.2.jar
21:45:02,828 (main) DEBUG [DataNucleus.Enhancer] - >>  C:\Users\sebastiand\.m2\repository\org\apache\xbean\xbean-reflect\3.4\xbean-reflect-3.4.jar
21:45:02,828 (main) DEBUG [DataNucleus.Enhancer] - >>  C:\Users\sebastiand\.m2\repository\log4j\log4j\1.2.12\log4j-1.2.12.jar
21:45:02,828 (main) DEBUG [DataNucleus.Enhancer] - >>  C:\Users\sebastiand\.m2\repository\commons-logging\commons-logging-api\1.1\commons-logging-api-1.1.jar
21:45:02,828 (main) DEBUG [DataNucleus.Enhancer] - >>  C:\Users\sebastiand\.m2\repository\com\google\collections\google-collections\1.0\google-collections-1.0.jar
21:45:02,828 (main) DEBUG [DataNucleus.Enhancer] - >>  C:\Users\sebastiand\.m2\repository\junit\junit\3.8.2\junit-3.8.2.jar
21:45:02,828 (main) DEBUG [DataNucleus.Enhancer] - >>  C:\Users\sebastiand\Documents\GitKraken\icesi\cloudcomputing-taller-endpoints-framework\target\dimayor-1.0-SNAPSHOT\WEB-INF\classes
21:45:02,828 (main) DEBUG [DataNucleus.Enhancer] - >>  C:\Users\sebastiand\.m2\repository\org\datanucleus\datanucleus-core\5.1.2\datanucleus-core-5.1.2.jar
21:45:02,828 (main) DEBUG [DataNucleus.Enhancer] - >>  C:\Users\sebastiand\.m2\repository\org\datanucleus\datanucleus-api-jpa\5.1.2\datanucleus-api-jpa-5.1.2.jar
21:45:02,828 (main) DEBUG [DataNucleus.Enhancer] - >>  C:\Users\sebastiand\.m2\repository\org\datanucleus\javax.persistence\2.2.0-release\javax.persistence-2.2.0-release.jar
21:45:02,828 (main) DEBUG [DataNucleus.Enhancer] - >>  C:\Users\sebastiand\.m2\repository\log4j\log4j\1.2.17\log4j-1.2.17.jar
21:45:02,828 (main) DEBUG [DataNucleus.Enhancer] - >>  C:\Users\sebastiand\.m2\repository\org\datanucleus\datanucleus-rdbms\5.1.2\datanucleus-rdbms-5.1.2.jar
21:45:02,828 (main) DEBUG [DataNucleus.Enhancer] - >>  C:\Users\sebastiand\.m2\repository\mysql\mysql-connector-java\5.1.17\mysql-connector-java-5.1.17.jar
21:45:02,828 (main) DEBUG [DataNucleus.Enhancer] - >>  C:\Users\sebastiand\.m2\repository\org\modelmapper\modelmapper\1.0.0\modelmapper-1.0.0.jar
21:45:02,828 (main) DEBUG [DataNucleus.Enhancer] - >>  C:\Users\sebastiand\.m2\repository\com\google\endpoints\endpoints-framework\2.0.8\endpoints-framework-2.0.8.jar
21:45:02,828 (main) DEBUG [DataNucleus.Enhancer] - >>  C:\Users\sebastiand\.m2\repository\com\google\guava\guava\19.0\guava-19.0.jar
21:45:02,828 (main) DEBUG [DataNucleus.Enhancer] - >>  C:\Users\sebastiand\.m2\repository\com\fasterxml\jackson\core\jackson-annotations\2.6.4\jackson-annotations-2.6.4.jar
21:45:02,828 (main) DEBUG [DataNucleus.Enhancer] - >>  C:\Users\sebastiand\.m2\repository\com\fasterxml\jackson\core\jackson-core\2.6.4\jackson-core-2.6.4.jar
21:45:02,828 (main) DEBUG [DataNucleus.Enhancer] - >>  C:\Users\sebastiand\.m2\repository\com\fasterxml\jackson\core\jackson-databind\2.6.4\jackson-databind-2.6.4.jar
21:45:02,828 (main) DEBUG [DataNucleus.Enhancer] - >>  C:\Users\sebastiand\.m2\repository\com\google\http-client\google-http-client-jackson2\1.21.0\google-http-client-jackson2-1.21.0.jar
21:45:02,828 (main) DEBUG [DataNucleus.Enhancer] - >>  C:\Users\sebastiand\.m2\repository\com\google\http-client\google-http-client\1.21.0\google-http-client-1.21.0.jar
21:45:02,828 (main) DEBUG [DataNucleus.Enhancer] - >>  C:\Users\sebastiand\.m2\repository\org\apache\httpcomponents\httpclient\4.0.1\httpclient-4.0.1.jar
21:45:02,828 (main) DEBUG [DataNucleus.Enhancer] - >>  C:\Users\sebastiand\.m2\repository\org\apache\httpcomponents\httpcore\4.0.1\httpcore-4.0.1.jar
21:45:02,828 (main) DEBUG [DataNucleus.Enhancer] - >>  C:\Users\sebastiand\.m2\repository\commons-logging\commons-logging\1.1.1\commons-logging-1.1.1.jar
21:45:02,828 (main) DEBUG [DataNucleus.Enhancer] - >>  C:\Users\sebastiand\.m2\repository\commons-codec\commons-codec\1.3\commons-codec-1.3.jar
21:45:02,828 (main) DEBUG [DataNucleus.Enhancer] - >>  C:\Users\sebastiand\.m2\repository\com\google\api-client\google-api-client\1.21.0\google-api-client-1.21.0.jar
21:45:02,828 (main) DEBUG [DataNucleus.Enhancer] - >>  C:\Users\sebastiand\.m2\repository\com\google\oauth-client\google-oauth-client\1.21.0\google-oauth-client-1.21.0.jar
21:45:02,828 (main) DEBUG [DataNucleus.Enhancer] - >>  C:\Users\sebastiand\.m2\repository\com\google\api-client\google-api-client-appengine\1.21.0\google-api-client-appengine-1.21.0.jar
21:45:02,831 (main) DEBUG [DataNucleus.Enhancer] - >>  C:\Users\sebastiand\.m2\repository\com\google\oauth-client\google-oauth-client-appengine\1.21.0\google-oauth-client-appengine-1.21.0.jar
21:45:02,831 (main) DEBUG [DataNucleus.Enhancer] - >>  C:\Users\sebastiand\.m2\repository\com\google\oauth-client\google-oauth-client-servlet\1.21.0\google-oauth-client-servlet-1.21.0.jar
21:45:02,831 (main) DEBUG [DataNucleus.Enhancer] - >>  C:\Users\sebastiand\.m2\repository\com\google\http-client\google-http-client-jdo\1.21.0\google-http-client-jdo-1.21.0.jar
21:45:02,831 (main) DEBUG [DataNucleus.Enhancer] - >>  C:\Users\sebastiand\.m2\repository\com\google\api-client\google-api-client-servlet\1.21.0\google-api-client-servlet-1.21.0.jar
21:45:02,831 (main) DEBUG [DataNucleus.Enhancer] - >>  C:\Users\sebastiand\.m2\repository\javax\jdo\jdo2-api\2.3-eb\jdo2-api-2.3-eb.jar
21:45:02,831 (main) DEBUG [DataNucleus.Enhancer] - >>  C:\Users\sebastiand\.m2\repository\javax\transaction\transaction-api\1.1\transaction-api-1.1.jar
21:45:02,831 (main) DEBUG [DataNucleus.Enhancer] - >>  C:\Users\sebastiand\.m2\repository\com\google\http-client\google-http-client-appengine\1.21.0\google-http-client-appengine-1.21.0.jar
21:45:02,831 (main) DEBUG [DataNucleus.Enhancer] - >>  C:\Users\sebastiand\.m2\repository\com\google\code\findbugs\jsr305\3.0.1\jsr305-3.0.1.jar
21:45:02,831 (main) DEBUG [DataNucleus.Enhancer] - >>  C:\Users\sebastiand\.m2\repository\io\swagger\swagger-models\1.5.9\swagger-models-1.5.9.jar
21:45:02,831 (main) DEBUG [DataNucleus.Enhancer] - >>  C:\Users\sebastiand\.m2\repository\org\slf4j\slf4j-api\1.6.3\slf4j-api-1.6.3.jar
21:45:02,831 (main) DEBUG [DataNucleus.Enhancer] - >>  C:\Users\sebastiand\.m2\repository\io\swagger\swagger-annotations\1.5.9\swagger-annotations-1.5.9.jar
21:45:02,831 (main) DEBUG [DataNucleus.Enhancer] - >>  C:\Users\sebastiand\.m2\repository\io\swagger\swagger-core\1.5.9\swagger-core-1.5.9.jar
21:45:02,831 (main) DEBUG [DataNucleus.Enhancer] - >>  C:\Users\sebastiand\.m2\repository\org\apache\commons\commons-lang3\3.2.1\commons-lang3-3.2.1.jar
21:45:02,831 (main) DEBUG [DataNucleus.Enhancer] - >>  C:\Users\sebastiand\.m2\repository\com\fasterxml\jackson\datatype\jackson-datatype-joda\2.4.5\jackson-datatype-joda-2.4.5.jar
21:45:02,831 (main) DEBUG [DataNucleus.Enhancer] - >>  C:\Users\sebastiand\.m2\repository\joda-time\joda-time\2.2\joda-time-2.2.jar
21:45:02,831 (main) DEBUG [DataNucleus.Enhancer] - >>  C:\Users\sebastiand\.m2\repository\com\fasterxml\jackson\dataformat\jackson-dataformat-yaml\2.4.5\jackson-dataformat-yaml-2.4.5.jar
21:45:02,831 (main) DEBUG [DataNucleus.Enhancer] - >>  C:\Users\sebastiand\.m2\repository\org\yaml\snakeyaml\1.12\snakeyaml-1.12.jar
21:45:02,831 (main) DEBUG [DataNucleus.Enhancer] - >>  C:\Users\sebastiand\.m2\repository\javax\validation\validation-api\1.1.0.Final\validation-api-1.1.0.Final.jar
21:45:02,831 (main) DEBUG [DataNucleus.Enhancer] - >>  C:\Users\sebastiand\.m2\repository\org\slf4j\slf4j-nop\1.7.21\slf4j-nop-1.7.21.jar
21:45:02,831 (main) DEBUG [DataNucleus.Enhancer] - >>  C:\Users\sebastiand\.m2\repository\com\google\endpoints\endpoints-management-control-appengine-all\1.0.5\endpoints-management-control-appengine-all-1.0.5.jar
21:45:02,831 (main) DEBUG [DataNucleus.Enhancer] - >>  C:\Users\sebastiand\.m2\repository\com\google\appengine\appengine-api-1.0-sdk\1.9.57\appengine-api-1.0-sdk-1.9.57.jar
21:45:02,831 (main) DEBUG [DataNucleus.Enhancer] - >>  C:\Users\sebastiand\.m2\repository\javax\servlet\servlet-api\2.5\servlet-api-2.5.jar
21:45:02,831 (main) DEBUG [DataNucleus.Enhancer] - >>  C:\Users\sebastiand\.m2\repository\javax\inject\javax.inject\1\javax.inject-1.jar
21:45:02,831 (main) DEBUG [DataNucleus.Enhancer] - >>  C:\Users\sebastiand\.m2\repository\jstl\jstl\1.2\jstl-1.2.jar
21:45:02,831 (main) DEBUG [DataNucleus.Enhancer] - >>  C:\Users\sebastiand\.m2\repository\org\hamcrest\hamcrest-core\1.3\hamcrest-core-1.3.jar
21:45:02,831 (main) DEBUG [DataNucleus.Enhancer] - >>  C:\Users\sebastiand\.m2\repository\com\jcabi\jcabi-matchers\1.4\jcabi-matchers-1.4.jar
21:45:02,831 (main) DEBUG [DataNucleus.Enhancer] - >>  C:\Users\sebastiand\.m2\repository\org\hamcrest\hamcrest-library\1.3\hamcrest-library-1.3.jar
21:45:02,831 (main) DEBUG [DataNucleus.Enhancer] - >>  C:\Users\sebastiand\.m2\repository\com\jcabi\jcabi-log\0.17.2\jcabi-log-0.17.2.jar
21:45:02,831 (main) DEBUG [DataNucleus.Enhancer] - >>  C:\Users\sebastiand\.m2\repository\com\jcabi\jcabi-aspects\0.22\jcabi-aspects-0.22.jar
21:45:02,831 (main) DEBUG [DataNucleus.Enhancer] - >>  C:\Users\sebastiand\.m2\repository\org\aspectj\aspectjrt\1.8.4\aspectjrt-1.8.4.jar
21:45:02,831 (main) DEBUG [DataNucleus.Enhancer] - Enhancing classes
21:45:02,842 (main) DEBUG [DataNucleus.MetaData] - Analizando el MetaData "file:/C:/Users/sebastiand/Documents/GitKraken/icesi/cloudcomputing-taller-endpoints-framework/target/dimayor-1.0-SNAPSHOT/WEB-INF/classes/META-INF/persistence.xml" con handler "persistence" (validar="false")
21:45:02,849 (main) DEBUG [DataNucleus.MetaData] - MetaData Management : Carga de Metadata del persistence-unit "Dimayor" ...
21:45:02,849 (main) DEBUG [DataNucleus.MetaData] - Not found any metadata mapping files for resource name META-INF/orm.xml in CLASSPATH
21:45:02,912 (main) DEBUG [DataNucleus.MetaData] - Clase "com.cloudcomputing.dimayor.model.Team" tiene anotación "javax.persistence.NamedQueries" que no esta procesado aqui. Si sea un annotacion de extension de DataNucleus, lo procesamos mas tarde.
21:45:02,912 (main) DEBUG [DataNucleus.MetaData] - Clase "com.cloudcomputing.dimayor.model.Team" tiene anotaciones de JPA y vamos a usarlas.
21:45:02,927 (main) DEBUG [DataNucleus.MetaData] - Populación del MetaData ...
21:45:02,927 (main) DEBUG [DataNucleus.MetaData] - Clase "com.cloudcomputing.dimayor.model.Team" : Populando Meta-Data
21:45:02,931 (main) DEBUG [DataNucleus.MetaData] - Inicialisación del MetaData ...
21:45:02,931 (main) DEBUG [DataNucleus.MetaData] - Clase "com.cloudcomputing.dimayor.model.Team" : Inicializando Meta-Data
21:45:02,935 (main) DEBUG [DataNucleus.MetaData] - MetaData Management : Carga de Metadata ya ha terminado
21:45:02,946 (main) DEBUG [DataNucleus.Enhancer] - Enhance de la clase "com.cloudcomputing.dimayor.model.Team" empezando ...
21:45:02,965 (main) DEBUG [DataNucleus.Enhancer] - La clase "com.cloudcomputing.dimayor.model.Team" no implementa el interfaz "org.datanucleus.enhancement.Persistable"!
21:45:02,965 (main) DEBUG [DataNucleus.Enhancer] - La clase "com.cloudcomputing.dimayor.model.Team" no implementa el interfaz "org.datanucleus.enhancement.Detachable"!
21:45:02,965 (main) DEBUG [DataNucleus.Enhancer] - La clase "com.cloudcomputing.dimayor.model.Team" no tiene el campo "dnStateManager" pero lo necesita
21:45:02,965 (main) DEBUG [DataNucleus.Enhancer] - La clase "com.cloudcomputing.dimayor.model.Team" no tiene el campo "dnDetachedState" pero lo necesita
21:45:02,965 (main) DEBUG [DataNucleus.Enhancer] - La clase "com.cloudcomputing.dimayor.model.Team" no tiene el campo "dnInheritedFieldCount" pero lo necesita
21:45:02,965 (main) DEBUG [DataNucleus.Enhancer] - La clase "com.cloudcomputing.dimayor.model.Team" no tiene el campo "dnFlags" pero lo necesita
21:45:02,965 (main) DEBUG [DataNucleus.Enhancer] - La clase "com.cloudcomputing.dimayor.model.Team" no tiene el campo "dnFieldTypes" pero lo necesita
21:45:02,965 (main) DEBUG [DataNucleus.Enhancer] - La clase "com.cloudcomputing.dimayor.model.Team" no tiene el campo "dnFieldNames" pero lo necesita
21:45:02,965 (main) DEBUG [DataNucleus.Enhancer] - La clase "com.cloudcomputing.dimayor.model.Team" no tiene el campo "dnFieldFlags" pero lo necesita
21:45:02,965 (main) DEBUG [DataNucleus.Enhancer] - La clase "com.cloudcomputing.dimayor.model.Team" no tiene el campo "dnPersistableSuperclass" pero lo necesita
21:45:02,965 (main) DEBUG [DataNucleus.Enhancer] - La clase "com.cloudcomputing.dimayor.model.Team" no tiene el metodo "dnReplaceField" pero lo necesita
21:45:02,965 (main) DEBUG [DataNucleus.Enhancer] - La clase "com.cloudcomputing.dimayor.model.Team" no tiene el metodo "dnGetStateManager" pero lo necesita
21:45:02,965 (main) DEBUG [DataNucleus.Enhancer] - La clase "com.cloudcomputing.dimayor.model.Team" no tiene el metodo "dnIsTransactional" pero lo necesita
21:45:02,965 (main) DEBUG [DataNucleus.Enhancer] - La clase "com.cloudcomputing.dimayor.model.Team" no tiene el metodo "dnNewInstance" pero lo necesita
21:45:02,965 (main) DEBUG [DataNucleus.Enhancer] - La clase "com.cloudcomputing.dimayor.model.Team" no tiene el metodo "dnNewInstance" pero lo necesita
21:45:02,965 (main) DEBUG [DataNucleus.Enhancer] - La clase "com.cloudcomputing.dimayor.model.Team" no tiene el metodo "dnSuperClone" pero lo necesita
21:45:02,965 (main) DEBUG [DataNucleus.Enhancer] - La clase "com.cloudcomputing.dimayor.model.Team" no tiene el metodo "dnProvideFields" pero lo necesita
21:45:02,965 (main) DEBUG [DataNucleus.Enhancer] - La clase "com.cloudcomputing.dimayor.model.Team" no tiene el metodo "___dn$loadClass" pero lo necesita
21:45:02,965 (main) DEBUG [DataNucleus.Enhancer] - La clase "com.cloudcomputing.dimayor.model.Team" no tiene el metodo "dnGetManagedFieldCount" pero lo necesita
21:45:02,965 (main) DEBUG [DataNucleus.Enhancer] - La clase "com.cloudcomputing.dimayor.model.Team" no tiene el metodo "dnIsDirty" pero lo necesita
21:45:02,965 (main) DEBUG [DataNucleus.Enhancer] - La clase "com.cloudcomputing.dimayor.model.Team" no tiene el metodo "dnReplaceStateManager" pero lo necesita
21:45:02,965 (main) DEBUG [DataNucleus.Enhancer] - La clase "com.cloudcomputing.dimayor.model.Team" no tiene el metodo "dnReplaceFlags" pero lo necesita
21:45:02,965 (main) DEBUG [DataNucleus.Enhancer] - La clase "com.cloudcomputing.dimayor.model.Team" no tiene el metodo "dnIsDetached" pero lo necesita
21:45:02,965 (main) DEBUG [DataNucleus.Enhancer] - La clase "com.cloudcomputing.dimayor.model.Team" no tiene el metodo "dnMakeDirty" pero lo necesita
21:45:02,965 (main) DEBUG [DataNucleus.Enhancer] - La clase "com.cloudcomputing.dimayor.model.Team" no tiene el metodo "__dnPersistableSuperclassInit" pero lo necesita
21:45:02,965 (main) DEBUG [DataNucleus.Enhancer] - La clase "com.cloudcomputing.dimayor.model.Team" no tiene el metodo "dnIsDeleted" pero lo necesita
21:45:02,965 (main) DEBUG [DataNucleus.Enhancer] - La clase "com.cloudcomputing.dimayor.model.Team" no tiene el metodo "__dnFieldFlagsInit" pero lo necesita
21:45:02,965 (main) DEBUG [DataNucleus.Enhancer] - La clase "com.cloudcomputing.dimayor.model.Team" no tiene el metodo "__dnFieldTypesInit" pero lo necesita
21:45:02,965 (main) DEBUG [DataNucleus.Enhancer] - La clase "com.cloudcomputing.dimayor.model.Team" no tiene el metodo "dnProvideField" pero lo necesita
21:45:02,965 (main) DEBUG [DataNucleus.Enhancer] - La clase "com.cloudcomputing.dimayor.model.Team" no tiene el metodo "dnPreSerialize" pero lo necesita
21:45:02,965 (main) DEBUG [DataNucleus.Enhancer] - La clase "com.cloudcomputing.dimayor.model.Team" no tiene el metodo "dnGetObjectId" pero lo necesita
21:45:02,965 (main) DEBUG [DataNucleus.Enhancer] - La clase "com.cloudcomputing.dimayor.model.Team" no tiene el metodo "dnGetVersion" pero lo necesita
21:45:02,965 (main) DEBUG [DataNucleus.Enhancer] - La clase "com.cloudcomputing.dimayor.model.Team" no tiene el metodo "dnGetTransactionalObjectId" pero lo necesita
21:45:02,965 (main) DEBUG [DataNucleus.Enhancer] - La clase "com.cloudcomputing.dimayor.model.Team" no tiene el metodo "dnIsNew" pero lo necesita
21:45:02,965 (main) DEBUG [DataNucleus.Enhancer] - La clase "com.cloudcomputing.dimayor.model.Team" no tiene el metodo "dnCopyKeyFieldsToObjectId" pero lo necesita
21:45:02,965 (main) DEBUG [DataNucleus.Enhancer] - La clase "com.cloudcomputing.dimayor.model.Team" no tiene el metodo "dnCopyKeyFieldsToObjectId" pero lo necesita
21:45:02,965 (main) DEBUG [DataNucleus.Enhancer] - La clase "com.cloudcomputing.dimayor.model.Team" no tiene el metodo "dnCopyField" pero lo necesita
21:45:02,965 (main) DEBUG [DataNucleus.Enhancer] - La clase "com.cloudcomputing.dimayor.model.Team" no tiene el metodo "dnCopyKeyFieldsFromObjectId" pero lo necesita
21:45:02,969 (main) DEBUG [DataNucleus.Enhancer] - La clase "com.cloudcomputing.dimayor.model.Team" no tiene el metodo "dnCopyKeyFieldsFromObjectId" pero lo necesita
21:45:02,969 (main) DEBUG [DataNucleus.Enhancer] - La clase "com.cloudcomputing.dimayor.model.Team" no tiene el metodo "dnGetExecutionContext" pero lo necesita
21:45:02,969 (main) DEBUG [DataNucleus.Enhancer] - La clase "com.cloudcomputing.dimayor.model.Team" no tiene el metodo "dnCopyFields" pero lo necesita
21:45:02,969 (main) DEBUG [DataNucleus.Enhancer] - La clase "com.cloudcomputing.dimayor.model.Team" no tiene el metodo "__dnGetInheritedFieldCount" pero lo necesita
21:45:02,969 (main) DEBUG [DataNucleus.Enhancer] - La clase "com.cloudcomputing.dimayor.model.Team" no tiene el metodo "dnNewObjectIdInstance" pero lo necesita
21:45:02,969 (main) DEBUG [DataNucleus.Enhancer] - La clase "com.cloudcomputing.dimayor.model.Team" no tiene el metodo "dnNewObjectIdInstance" pero lo necesita
21:45:02,969 (main) DEBUG [DataNucleus.Enhancer] - La clase "com.cloudcomputing.dimayor.model.Team" no tiene el metodo "dnReplaceDetachedState" pero lo necesita
21:45:02,969 (main) DEBUG [DataNucleus.Enhancer] - La clase "com.cloudcomputing.dimayor.model.Team" no tiene el metodo "dnIsPersistent" pero lo necesita
21:45:02,969 (main) DEBUG [DataNucleus.Enhancer] - La clase "com.cloudcomputing.dimayor.model.Team" no tiene el metodo "dnReplaceFields" pero lo necesita
21:45:02,969 (main) DEBUG [DataNucleus.Enhancer] - La clase "com.cloudcomputing.dimayor.model.Team" no tiene el metodo "__dnFieldNamesInit" pero lo necesita
21:45:02,977 (main) DEBUG [DataNucleus.Enhancer] - Agregando el interfaz: org.datanucleus.enhancement.Detachable
21:45:02,977 (main) DEBUG [DataNucleus.Enhancer] - Agregando el interfaz: org.datanucleus.enhancement.Persistable
21:45:02,981 (main) DEBUG [DataNucleus.Enhancer] - Enhancing metodo original com.cloudcomputing.dimayor.model.Team.<init> : ignorando enhance de set del campo "com.cloudcomputing.dimayor.model.Team.id"
21:45:02,981 (main) DEBUG [DataNucleus.Enhancer] - Enhancing metodo original com.cloudcomputing.dimayor.model.Team.<init> : ignorando enhance de set del campo "com.cloudcomputing.dimayor.model.Team.id"
21:45:02,981 (main) DEBUG [DataNucleus.Enhancer] - Enhancing metodo original com.cloudcomputing.dimayor.model.Team.<init> : ignorando enhance de set del campo "com.cloudcomputing.dimayor.model.Team.name"
21:45:02,981 (main) DEBUG [DataNucleus.Enhancer] - Enhancing metodo original com.cloudcomputing.dimayor.model.Team.<init> : ignorando enhance de set del campo "com.cloudcomputing.dimayor.model.Team.fundationYear"
21:45:02,981 (main) DEBUG [DataNucleus.Enhancer] - Enhancing metodo original com.cloudcomputing.dimayor.model.Team.<init> : ignorando enhance de set del campo "com.cloudcomputing.dimayor.model.Team.titles"
21:45:02,982 (main) DEBUG [DataNucleus.Enhancer] - Enhancing metodo original com.cloudcomputing.dimayor.model.Team.<init> : ignorando enhance de set del campo "com.cloudcomputing.dimayor.model.Team.created"
21:45:02,982 (main) DEBUG [DataNucleus.Enhancer] - Enhancing metodo original com.cloudcomputing.dimayor.model.Team.getId, cambiando el uso del campo "com.cloudcomputing.dimayor.model.Team.id" para utilisar "dnGetid()"
21:45:02,982 (main) DEBUG [DataNucleus.Enhancer] - Enhancing metodo original com.cloudcomputing.dimayor.model.Team.setId, cambiando el uso del campo "com.cloudcomputing.dimayor.model.Team.id" para utilisar "dnSetid()"
21:45:02,982 (main) DEBUG [DataNucleus.Enhancer] - Enhancing metodo original com.cloudcomputing.dimayor.model.Team.getName, cambiando el uso del campo "com.cloudcomputing.dimayor.model.Team.name" para utilisar "dnGetname()"
21:45:02,982 (main) DEBUG [DataNucleus.Enhancer] - Enhancing metodo original com.cloudcomputing.dimayor.model.Team.setName, cambiando el uso del campo "com.cloudcomputing.dimayor.model.Team.name" para utilisar "dnSetname()"
21:45:02,982 (main) DEBUG [DataNucleus.Enhancer] - Enhancing metodo original com.cloudcomputing.dimayor.model.Team.getFundationYear, cambiando el uso del campo "com.cloudcomputing.dimayor.model.Team.fundationYear" para utilisar "dnGetfundationYear()"
21:45:02,982 (main) DEBUG [DataNucleus.Enhancer] - Enhancing metodo original com.cloudcomputing.dimayor.model.Team.setFundationYear, cambiando el uso del campo "com.cloudcomputing.dimayor.model.Team.fundationYear" para utilisar "dnSetfundationYear()"
21:45:02,982 (main) DEBUG [DataNucleus.Enhancer] - Enhancing metodo original com.cloudcomputing.dimayor.model.Team.getTitles, cambiando el uso del campo "com.cloudcomputing.dimayor.model.Team.titles" para utilisar "dnGettitles()"
21:45:02,982 (main) DEBUG [DataNucleus.Enhancer] - Enhancing metodo original com.cloudcomputing.dimayor.model.Team.setTitles, cambiando el uso del campo "com.cloudcomputing.dimayor.model.Team.titles" para utilisar "dnSettitles()"
21:45:02,983 (main) DEBUG [DataNucleus.Enhancer] - Enhancing metodo original com.cloudcomputing.dimayor.model.Team.getCreated, cambiando el uso del campo "com.cloudcomputing.dimayor.model.Team.created" para utilisar "dnGetcreated()"
21:45:02,983 (main) DEBUG [DataNucleus.Enhancer] - Enhancing metodo original com.cloudcomputing.dimayor.model.Team.setCreated, cambiando el uso del campo "com.cloudcomputing.dimayor.model.Team.created" para utilisar "dnSetcreated()"
21:45:02,983 (main) DEBUG [DataNucleus.Enhancer] - Enhancing metodo original com.cloudcomputing.dimayor.model.Team.getUpdated, cambiando el uso del campo "com.cloudcomputing.dimayor.model.Team.updated" para utilisar "dnGetupdated()"
21:45:02,983 (main) DEBUG [DataNucleus.Enhancer] - Enhancing metodo original com.cloudcomputing.dimayor.model.Team.setUpdated, cambiando el uso del campo "com.cloudcomputing.dimayor.model.Team.updated" para utilisar "dnSetupdated()"
21:45:02,983 (main) DEBUG [DataNucleus.Enhancer] - Enhancing metodo original com.cloudcomputing.dimayor.model.Team.hashCode, cambiando el uso del campo "com.cloudcomputing.dimayor.model.Team.id" para utilisar "dnGetid()"
21:45:02,984 (main) DEBUG [DataNucleus.Enhancer] - Enhancing metodo original com.cloudcomputing.dimayor.model.Team.hashCode, cambiando el uso del campo "com.cloudcomputing.dimayor.model.Team.id" para utilisar "dnGetid()"
21:45:02,984 (main) DEBUG [DataNucleus.Enhancer] - Enhancing metodo original com.cloudcomputing.dimayor.model.Team.equals, cambiando el uso del campo "com.cloudcomputing.dimayor.model.Team.id" para utilisar "dnGetid()"
21:45:02,984 (main) DEBUG [DataNucleus.Enhancer] - Enhancing metodo original com.cloudcomputing.dimayor.model.Team.equals, cambiando el uso del campo "com.cloudcomputing.dimayor.model.Team.id" para utilisar "dnGetid()"
21:45:02,984 (main) DEBUG [DataNucleus.Enhancer] - Enhancing metodo original com.cloudcomputing.dimayor.model.Team.equals, cambiando el uso del campo "com.cloudcomputing.dimayor.model.Team.id" para utilisar "dnGetid()"
21:45:02,984 (main) DEBUG [DataNucleus.Enhancer] - Enhancing metodo original com.cloudcomputing.dimayor.model.Team.equals, cambiando el uso del campo "com.cloudcomputing.dimayor.model.Team.id" para utilisar "dnGetid()"
21:45:02,984 (main) DEBUG [DataNucleus.Enhancer] - Enhancing metodo original com.cloudcomputing.dimayor.model.Team.equals, cambiando el uso del campo "com.cloudcomputing.dimayor.model.Team.id" para utilisar "dnGetid()"
21:45:02,984 (main) DEBUG [DataNucleus.Enhancer] - Enhancing metodo original com.cloudcomputing.dimayor.model.Team.toString, cambiando el uso del campo "com.cloudcomputing.dimayor.model.Team.id" para utilisar "dnGetid()"
21:45:02,984 (main) DEBUG [DataNucleus.Enhancer] - Agregando el campo "org.datanucleus.enhancement.StateManager dnStateManager"
21:45:02,984 (main) DEBUG [DataNucleus.Enhancer] - Agregando el campo "byte dnFlags"
21:45:02,985 (main) DEBUG [DataNucleus.Enhancer] - Agregando el campo "[Ljava.lang.Object; dnDetachedState"
21:45:02,985 (main) DEBUG [DataNucleus.Enhancer] - Agregando el campo "[B dnFieldFlags"
21:45:02,985 (main) DEBUG [DataNucleus.Enhancer] - Agregando el campo "java.lang.Class dnPersistableSuperclass"
21:45:02,985 (main) DEBUG [DataNucleus.Enhancer] - Agregando el campo "[Ljava.lang.Class; dnFieldTypes"
21:45:02,985 (main) DEBUG [DataNucleus.Enhancer] - Agregando el campo "[Ljava.lang.String; dnFieldNames"
21:45:02,985 (main) DEBUG [DataNucleus.Enhancer] - Agregando el campo "int dnInheritedFieldCount"
21:45:02,986 (main) DEBUG [DataNucleus.Enhancer] - Agregando el metodo "void <clinit>()"
21:45:02,987 (main) DEBUG [DataNucleus.Enhancer] - Agregando el metodo "void dnCopyKeyFieldsFromObjectId(org.datanucleus.enhancement.Persistable$ObjectIdFieldConsumer fc, java.lang.Object oid)"
21:45:02,987 (main) DEBUG [DataNucleus.Enhancer] - Agregando el metodo "void dnCopyKeyFieldsFromObjectId(java.lang.Object oid)"
21:45:02,987 (main) DEBUG [DataNucleus.Enhancer] - Agregando el metodo "void dnCopyKeyFieldsToObjectId(java.lang.Object oid)"
21:45:02,988 (main) DEBUG [DataNucleus.Enhancer] - Agregando el metodo "void dnCopyKeyFieldsToObjectId(org.datanucleus.enhancement.Persistable$ObjectIdFieldSupplier fs, java.lang.Object oid)"
21:45:02,988 (main) DEBUG [DataNucleus.Enhancer] - Agregando el metodo "java.lang.Object dnGetObjectId()"
21:45:02,988 (main) DEBUG [DataNucleus.Enhancer] - Agregando el metodo "java.lang.Object dnGetVersion()"
21:45:02,988 (main) DEBUG [DataNucleus.Enhancer] - Agregando el metodo "void dnPreSerialize()"
21:45:02,988 (main) DEBUG [DataNucleus.Enhancer] - Agregando el metodo "org.datanucleus.enhancement.ExecutionContextReference dnGetExecutionContext()"
21:45:02,988 (main) DEBUG [DataNucleus.Enhancer] - Agregando el metodo "org.datanucleus.enhancement.StateManager dnGetStateManager()"
21:45:02,988 (main) DEBUG [DataNucleus.Enhancer] - Agregando el metodo "java.lang.Object dnGetTransactionalObjectId()"
21:45:02,988 (main) DEBUG [DataNucleus.Enhancer] - Agregando el metodo "boolean dnIsDeleted()"
21:45:02,989 (main) DEBUG [DataNucleus.Enhancer] - Agregando el metodo "boolean dnIsDirty()"
21:45:02,989 (main) DEBUG [DataNucleus.Enhancer] - Agregando el metodo "boolean dnIsNew()"
21:45:02,989 (main) DEBUG [DataNucleus.Enhancer] - Agregando el metodo "boolean dnIsPersistent()"
21:45:02,989 (main) DEBUG [DataNucleus.Enhancer] - Agregando el metodo "boolean dnIsTransactional()"
21:45:02,989 (main) DEBUG [DataNucleus.Enhancer] - Agregando el metodo "void dnMakeDirty(java.lang.String fieldName)"
21:45:02,989 (main) DEBUG [DataNucleus.Enhancer] - Agregando el metodo "java.lang.Object dnNewObjectIdInstance()"
21:45:02,989 (main) DEBUG [DataNucleus.Enhancer] - Agregando el metodo "java.lang.Object dnNewObjectIdInstance(java.lang.Object key)"
21:45:02,989 (main) DEBUG [DataNucleus.Enhancer] - Agregando el metodo "void dnProvideFields([I indices)"
21:45:02,990 (main) DEBUG [DataNucleus.Enhancer] - Agregando el metodo "void dnReplaceFields([I indices)"
21:45:02,990 (main) DEBUG [DataNucleus.Enhancer] - Agregando el metodo "void dnReplaceFlags()"
21:45:02,990 (main) DEBUG [DataNucleus.Enhancer] - Agregando el metodo "void dnReplaceStateManager(org.datanucleus.enhancement.StateManager sm)"
21:45:02,990 (main) DEBUG [DataNucleus.Enhancer] - Agregando el metodo "void dnReplaceDetachedState()"
21:45:02,990 (main) DEBUG [DataNucleus.Enhancer] - Agregando el metodo "boolean dnIsDetached()"
21:45:02,990 (main) DEBUG [DataNucleus.Enhancer] - Agregando el metodo "org.datanucleus.enhancement.Persistable dnNewInstance(org.datanucleus.enhancement.StateManager sm)"
21:45:02,990 (main) DEBUG [DataNucleus.Enhancer] - Agregando el metodo "org.datanucleus.enhancement.Persistable dnNewInstance(org.datanucleus.enhancement.StateManager sm, java.lang.Object obj)"
21:45:02,991 (main) DEBUG [DataNucleus.Enhancer] - Agregando el metodo "void dnReplaceField(int index)"
21:45:02,991 (main) DEBUG [DataNucleus.Enhancer] - Agregando el metodo "void dnProvideField(int index)"
21:45:02,991 (main) DEBUG [DataNucleus.Enhancer] - Agregando el metodo "void dnCopyField(com.cloudcomputing.dimayor.model.Team obj, int index)"
21:45:02,991 (main) DEBUG [DataNucleus.Enhancer] - Agregando el metodo "void dnCopyFields(java.lang.Object obj, [I indices)"
21:45:02,991 (main) DEBUG [DataNucleus.Enhancer] - Agregando el metodo "[Ljava.lang.String; __dnFieldNamesInit()"
21:45:02,992 (main) DEBUG [DataNucleus.Enhancer] - Agregando el metodo "[Ljava.lang.Class; __dnFieldTypesInit()"
21:45:02,992 (main) DEBUG [DataNucleus.Enhancer] - Agregando el metodo "[B __dnFieldFlagsInit()"
21:45:02,992 (main) DEBUG [DataNucleus.Enhancer] - Agregando el metodo "int __dnGetInheritedFieldCount()"
21:45:02,992 (main) DEBUG [DataNucleus.Enhancer] - Agregando el metodo "int dnGetManagedFieldCount()"
21:45:02,992 (main) DEBUG [DataNucleus.Enhancer] - Agregando el metodo "java.lang.Class __dnPersistableSuperclassInit()"
21:45:02,992 (main) DEBUG [DataNucleus.Enhancer] - Agregando el metodo "java.lang.Class ___dn$loadClass(java.lang.String className)"
21:45:02,993 (main) DEBUG [DataNucleus.Enhancer] - Agregando el metodo "java.lang.Object dnSuperClone()"
21:45:02,993 (main) DEBUG [DataNucleus.Enhancer] - Agregando el metodo "void writeObject(java.io.ObjectOutputStream out)"
21:45:02,994 (main) DEBUG [DataNucleus.Enhancer] - Agregando el metodo "java.util.Date dnGetcreated(com.cloudcomputing.dimayor.model.Team objPC)"
21:45:02,994 (main) DEBUG [DataNucleus.Enhancer] - Agregando el metodo "void dnSetcreated(com.cloudcomputing.dimayor.model.Team objPC, java.util.Date val)"
21:45:02,994 (main) DEBUG [DataNucleus.Enhancer] - Agregando el metodo "java.util.Date dnGetfundationYear(com.cloudcomputing.dimayor.model.Team objPC)"
21:45:02,994 (main) DEBUG [DataNucleus.Enhancer] - Agregando el metodo "void dnSetfundationYear(com.cloudcomputing.dimayor.model.Team objPC, java.util.Date val)"
21:45:02,995 (main) DEBUG [DataNucleus.Enhancer] - Agregando el metodo "java.lang.Integer dnGetid(com.cloudcomputing.dimayor.model.Team objPC)"
21:45:02,995 (main) DEBUG [DataNucleus.Enhancer] - Agregando el metodo "void dnSetid(com.cloudcomputing.dimayor.model.Team objPC, java.lang.Integer val)"
21:45:02,995 (main) DEBUG [DataNucleus.Enhancer] - Agregando el metodo "java.lang.String dnGetname(com.cloudcomputing.dimayor.model.Team objPC)"
21:45:02,995 (main) DEBUG [DataNucleus.Enhancer] - Agregando el metodo "void dnSetname(com.cloudcomputing.dimayor.model.Team objPC, java.lang.String val)"
21:45:02,995 (main) DEBUG [DataNucleus.Enhancer] - Agregando el metodo "int dnGettitles(com.cloudcomputing.dimayor.model.Team objPC)"
21:45:02,995 (main) DEBUG [DataNucleus.Enhancer] - Agregando el metodo "void dnSettitles(com.cloudcomputing.dimayor.model.Team objPC, int val)"
21:45:02,995 (main) DEBUG [DataNucleus.Enhancer] - Agregando el metodo "java.util.Date dnGetupdated(com.cloudcomputing.dimayor.model.Team objPC)"
21:45:02,995 (main) DEBUG [DataNucleus.Enhancer] - Agregando el metodo "void dnSetupdated(com.cloudcomputing.dimayor.model.Team objPC, java.util.Date val)"
21:45:02,996 (main) INFO  [DataNucleus.Enhancer] - Escribiendo el archivo de clase "C:\Users\sebastiand\Documents\GitKraken\icesi\cloudcomputing-taller-endpoints-framework\target\dimayor-1.0-SNAPSHOT\WEB-INF\classes\com\cloudcomputing\dimayor\model\Team.class" con definicion enhanced
21:45:03,008 (main) DEBUG [DataNucleus.Enhancer] - Enhance de la clase "com.cloudcomputing.dimayor.model.Team" ha terminado
21:45:03,008 (main) INFO  [DataNucleus.Enhancer] - DataNucleus Enhancer ha terminado con exito para 1 clases.
21:45:40,769 (main) DEBUG [DataNucleus.General] - Using PluginRegistry org.datanucleus.plugin.NonManagedPluginRegistry
21:45:40,792 (main) DEBUG [DataNucleus.General] - Registering bundle org.sonatype.inject version 2.3.0 at URL file:/C:/Users/sebastiand/.m2/repository/org/sonatype/sisu/sisu-inject-bean/2.3.0/sisu-inject-bean-2.3.0.jar.
21:45:40,833 (main) DEBUG [DataNucleus.General] - Loading extension points from plug-in file jar:file:/C:/Users/sebastiand/.m2/repository/org/sonatype/sisu/sisu-inject-bean/2.3.0/sisu-inject-bean-2.3.0.jar!/plugin.xml.
21:45:40,835 (main) DEBUG [DataNucleus.General] - Loading extensions from plug-in file jar:file:/C:/Users/sebastiand/.m2/repository/org/sonatype/sisu/sisu-inject-bean/2.3.0/sisu-inject-bean-2.3.0.jar!/plugin.xml.
21:45:40,837 (main) DEBUG [DataNucleus.General] - Registering bundle org.datanucleus version 5.1.2 at URL file:/C:/Users/sebastiand/.m2/repository/org/datanucleus/datanucleus-core/5.1.2/datanucleus-core-5.1.2.jar.
21:45:40,842 (main) DEBUG [DataNucleus.General] - Loading extension points from plug-in file jar:file:/C:/Users/sebastiand/.m2/repository/org/datanucleus/datanucleus-core/5.1.2/datanucleus-core-5.1.2.jar!/plugin.xml.
21:45:40,849 (main) DEBUG [DataNucleus.General] - Loading extensions from plug-in file jar:file:/C:/Users/sebastiand/.m2/repository/org/datanucleus/datanucleus-core/5.1.2/datanucleus-core-5.1.2.jar!/plugin.xml.
21:45:40,849 (main) DEBUG [DataNucleus.General] - Registering bundle org.datanucleus.api.jpa version 5.1.2 at URL file:/C:/Users/sebastiand/.m2/repository/org/datanucleus/datanucleus-api-jpa/5.1.2/datanucleus-api-jpa-5.1.2.jar.
21:45:40,857 (main) DEBUG [DataNucleus.General] - Loading extension points from plug-in file jar:file:/C:/Users/sebastiand/.m2/repository/org/datanucleus/datanucleus-api-jpa/5.1.2/datanucleus-api-jpa-5.1.2.jar!/plugin.xml.
21:45:40,861 (main) DEBUG [DataNucleus.General] - Loading extensions from plug-in file jar:file:/C:/Users/sebastiand/.m2/repository/org/datanucleus/datanucleus-api-jpa/5.1.2/datanucleus-api-jpa-5.1.2.jar!/plugin.xml.
21:45:40,866 (main) DEBUG [DataNucleus.General] - Registering bundle org.datanucleus.store.rdbms version 5.1.2 at URL file:/C:/Users/sebastiand/.m2/repository/org/datanucleus/datanucleus-rdbms/5.1.2/datanucleus-rdbms-5.1.2.jar.
21:45:40,870 (main) DEBUG [DataNucleus.General] - Loading extension points from plug-in file jar:file:/C:/Users/sebastiand/.m2/repository/org/datanucleus/datanucleus-rdbms/5.1.2/datanucleus-rdbms-5.1.2.jar!/plugin.xml.
21:45:40,878 (main) DEBUG [DataNucleus.General] - Loading extensions from plug-in file jar:file:/C:/Users/sebastiand/.m2/repository/org/datanucleus/datanucleus-rdbms/5.1.2/datanucleus-rdbms-5.1.2.jar!/plugin.xml.
21:45:40,913 (main) DEBUG [DataNucleus.Persistence] - Tipos de Java inicializando ...
21:45:40,992 (main) DEBUG [DataNucleus.Persistence] - Soporte para tipos de Java listo : tipos soportados = [B, [C, [D, [F, [I, [J, [Ljava.lang.Boolean;, [Ljava.lang.Byte;, [Ljava.lang.Character;, [Ljava.lang.Double;, [Ljava.lang.Enum;, [Ljava.lang.Float;, [Ljava.lang.Integer;, [Ljava.lang.Long;, [Ljava.lang.Number;, [Ljava.lang.Object;, [Ljava.lang.Short;, [Ljava.lang.String;, [Ljava.math.BigDecimal;, [Ljava.math.BigInteger;, [Ljava.util.Date;, [Ljava.util.Locale;, [S, [Z, boolean, byte, char, double, float, int, java.awt.Color, java.awt.image.BufferedImage, java.lang.Boolean, java.lang.Byte, java.lang.Character, java.lang.Class, java.lang.Double, java.lang.Enum, java.lang.Float, java.lang.Integer, java.lang.Long, java.lang.Number, java.lang.Short, java.lang.String, java.lang.StringBuffer, java.lang.StringBuilder, java.math.BigDecimal, java.math.BigInteger, java.net.URI, java.net.URL, java.sql.Date, java.sql.Time, java.sql.Timestamp, java.time.Duration, java.time.Instant, java.time.LocalDate, java.time.LocalDateTime, java.time.LocalTime, java.time.MonthDay, java.time.OffsetDateTime, java.time.OffsetTime, java.time.Period, java.time.Year, java.time.YearMonth, java.time.ZonedDateTime, java.time.ZoneId, java.time.ZoneOffset, java.util.ArrayList, java.util.Arrays$ArrayList, java.util.BitSet, java.util.Calendar, java.util.Collection, java.util.Currency, java.util.Date, java.util.GregorianCalendar, java.util.HashMap, java.util.HashSet, java.util.Hashtable, java.util.LinkedHashMap, java.util.LinkedHashSet, java.util.LinkedList, java.util.List, java.util.Locale, java.util.Map, java.util.Optional, java.util.PriorityQueue, java.util.Properties, java.util.Queue, java.util.Set, java.util.SortedMap, java.util.SortedSet, java.util.Stack, java.util.TimeZone, java.util.TreeMap, java.util.TreeSet, java.util.UUID, java.util.Vector, long, short
21:45:40,996 (main) DEBUG [DataNucleus.MetaData] - MetaDataManager : Input=(XML,Annotations), XML-Validation=false
21:45:40,996 (main) INFO  [DataNucleus.Enhancer] - DataNucleus Enhancer (versión 5.1.2) para el API "JPA" utilisando el JRE "{2}"
21:45:40,996 (main) DEBUG [DataNucleus.Enhancer] - DataNucleus Enhancer : Classpath
21:45:40,996 (main) DEBUG [DataNucleus.Enhancer] - >>  C:\Users\sebastiand\.m2\repository\org\datanucleus\datanucleus-maven-plugin\5.0.2\datanucleus-maven-plugin-5.0.2.jar
21:45:40,996 (main) DEBUG [DataNucleus.Enhancer] - >>  C:\Users\sebastiand\.m2\repository\org\codehaus\plexus\plexus-utils\3.0.8\plexus-utils-3.0.8.jar
21:45:40,996 (main) DEBUG [DataNucleus.Enhancer] - >>  C:\Users\sebastiand\.m2\repository\org\apache\maven\maven-artifact\3.0.4\maven-artifact-3.0.4.jar
21:45:40,996 (main) DEBUG [DataNucleus.Enhancer] - >>  C:\Users\sebastiand\.m2\repository\org\apache\maven\maven-plugin-api\3.0.4\maven-plugin-api-3.0.4.jar
21:45:40,996 (main) DEBUG [DataNucleus.Enhancer] - >>  C:\Users\sebastiand\.m2\repository\org\apache\maven\maven-model\3.0.4\maven-model-3.0.4.jar
21:45:40,996 (main) DEBUG [DataNucleus.Enhancer] - >>  C:\Users\sebastiand\.m2\repository\org\sonatype\sisu\sisu-inject-plexus\2.3.0\sisu-inject-plexus-2.3.0.jar
21:45:40,996 (main) DEBUG [DataNucleus.Enhancer] - >>  C:\Users\sebastiand\.m2\repository\org\codehaus\plexus\plexus-component-annotations\1.5.5\plexus-component-annotations-1.5.5.jar
21:45:40,996 (main) DEBUG [DataNucleus.Enhancer] - >>  C:\Users\sebastiand\.m2\repository\org\sonatype\sisu\sisu-inject-bean\2.3.0\sisu-inject-bean-2.3.0.jar
21:45:40,996 (main) DEBUG [DataNucleus.Enhancer] - >>  C:\Users\sebastiand\.m2\repository\org\sonatype\sisu\sisu-guice\3.1.0\sisu-guice-3.1.0-no_aop.jar
21:45:41,000 (main) DEBUG [DataNucleus.Enhancer] - >>  C:\Users\sebastiand\.m2\repository\org\sonatype\sisu\sisu-guava\0.9.9\sisu-guava-0.9.9.jar
21:45:41,000 (main) DEBUG [DataNucleus.Enhancer] - >>  C:\Users\sebastiand\.m2\repository\org\codehaus\plexus\plexus-container-default\1.5.5\plexus-container-default-1.5.5.jar
21:45:41,000 (main) DEBUG [DataNucleus.Enhancer] - >>  C:\Users\sebastiand\.m2\repository\org\codehaus\plexus\plexus-classworlds\2.2.2\plexus-classworlds-2.2.2.jar
21:45:41,000 (main) DEBUG [DataNucleus.Enhancer] - >>  C:\Users\sebastiand\.m2\repository\org\apache\xbean\xbean-reflect\3.4\xbean-reflect-3.4.jar
21:45:41,000 (main) DEBUG [DataNucleus.Enhancer] - >>  C:\Users\sebastiand\.m2\repository\log4j\log4j\1.2.12\log4j-1.2.12.jar
21:45:41,000 (main) DEBUG [DataNucleus.Enhancer] - >>  C:\Users\sebastiand\.m2\repository\commons-logging\commons-logging-api\1.1\commons-logging-api-1.1.jar
21:45:41,000 (main) DEBUG [DataNucleus.Enhancer] - >>  C:\Users\sebastiand\.m2\repository\com\google\collections\google-collections\1.0\google-collections-1.0.jar
21:45:41,000 (main) DEBUG [DataNucleus.Enhancer] - >>  C:\Users\sebastiand\.m2\repository\junit\junit\3.8.2\junit-3.8.2.jar
21:45:41,000 (main) DEBUG [DataNucleus.Enhancer] - >>  C:\Users\sebastiand\Documents\GitKraken\icesi\cloudcomputing-taller-endpoints-framework\target\dimayor-1.0-SNAPSHOT\WEB-INF\classes
21:45:41,000 (main) DEBUG [DataNucleus.Enhancer] - >>  C:\Users\sebastiand\.m2\repository\org\datanucleus\datanucleus-core\5.1.2\datanucleus-core-5.1.2.jar
21:45:41,000 (main) DEBUG [DataNucleus.Enhancer] - >>  C:\Users\sebastiand\.m2\repository\org\datanucleus\datanucleus-api-jpa\5.1.2\datanucleus-api-jpa-5.1.2.jar
21:45:41,000 (main) DEBUG [DataNucleus.Enhancer] - >>  C:\Users\sebastiand\.m2\repository\org\datanucleus\javax.persistence\2.2.0-release\javax.persistence-2.2.0-release.jar
21:45:41,000 (main) DEBUG [DataNucleus.Enhancer] - >>  C:\Users\sebastiand\.m2\repository\log4j\log4j\1.2.17\log4j-1.2.17.jar
21:45:41,000 (main) DEBUG [DataNucleus.Enhancer] - >>  C:\Users\sebastiand\.m2\repository\org\datanucleus\datanucleus-rdbms\5.1.2\datanucleus-rdbms-5.1.2.jar
21:45:41,000 (main) DEBUG [DataNucleus.Enhancer] - >>  C:\Users\sebastiand\.m2\repository\mysql\mysql-connector-java\5.1.17\mysql-connector-java-5.1.17.jar
21:45:41,000 (main) DEBUG [DataNucleus.Enhancer] - >>  C:\Users\sebastiand\.m2\repository\org\modelmapper\modelmapper\1.0.0\modelmapper-1.0.0.jar
21:45:41,000 (main) DEBUG [DataNucleus.Enhancer] - >>  C:\Users\sebastiand\.m2\repository\com\google\endpoints\endpoints-framework\2.0.8\endpoints-framework-2.0.8.jar
21:45:41,000 (main) DEBUG [DataNucleus.Enhancer] - >>  C:\Users\sebastiand\.m2\repository\com\google\guava\guava\19.0\guava-19.0.jar
21:45:41,000 (main) DEBUG [DataNucleus.Enhancer] - >>  C:\Users\sebastiand\.m2\repository\com\fasterxml\jackson\core\jackson-annotations\2.6.4\jackson-annotations-2.6.4.jar
21:45:41,000 (main) DEBUG [DataNucleus.Enhancer] - >>  C:\Users\sebastiand\.m2\repository\com\fasterxml\jackson\core\jackson-core\2.6.4\jackson-core-2.6.4.jar
21:45:41,000 (main) DEBUG [DataNucleus.Enhancer] - >>  C:\Users\sebastiand\.m2\repository\com\fasterxml\jackson\core\jackson-databind\2.6.4\jackson-databind-2.6.4.jar
21:45:41,000 (main) DEBUG [DataNucleus.Enhancer] - >>  C:\Users\sebastiand\.m2\repository\com\google\http-client\google-http-client-jackson2\1.21.0\google-http-client-jackson2-1.21.0.jar
21:45:41,000 (main) DEBUG [DataNucleus.Enhancer] - >>  C:\Users\sebastiand\.m2\repository\com\google\http-client\google-http-client\1.21.0\google-http-client-1.21.0.jar
21:45:41,000 (main) DEBUG [DataNucleus.Enhancer] - >>  C:\Users\sebastiand\.m2\repository\org\apache\httpcomponents\httpclient\4.0.1\httpclient-4.0.1.jar
21:45:41,000 (main) DEBUG [DataNucleus.Enhancer] - >>  C:\Users\sebastiand\.m2\repository\org\apache\httpcomponents\httpcore\4.0.1\httpcore-4.0.1.jar
21:45:41,000 (main) DEBUG [DataNucleus.Enhancer] - >>  C:\Users\sebastiand\.m2\repository\commons-logging\commons-logging\1.1.1\commons-logging-1.1.1.jar
21:45:41,004 (main) DEBUG [DataNucleus.Enhancer] - >>  C:\Users\sebastiand\.m2\repository\commons-codec\commons-codec\1.3\commons-codec-1.3.jar
21:45:41,004 (main) DEBUG [DataNucleus.Enhancer] - >>  C:\Users\sebastiand\.m2\repository\com\google\api-client\google-api-client\1.21.0\google-api-client-1.21.0.jar
21:45:41,004 (main) DEBUG [DataNucleus.Enhancer] - >>  C:\Users\sebastiand\.m2\repository\com\google\oauth-client\google-oauth-client\1.21.0\google-oauth-client-1.21.0.jar
21:45:41,004 (main) DEBUG [DataNucleus.Enhancer] - >>  C:\Users\sebastiand\.m2\repository\com\google\api-client\google-api-client-appengine\1.21.0\google-api-client-appengine-1.21.0.jar
21:45:41,004 (main) DEBUG [DataNucleus.Enhancer] - >>  C:\Users\sebastiand\.m2\repository\com\google\oauth-client\google-oauth-client-appengine\1.21.0\google-oauth-client-appengine-1.21.0.jar
21:45:41,004 (main) DEBUG [DataNucleus.Enhancer] - >>  C:\Users\sebastiand\.m2\repository\com\google\oauth-client\google-oauth-client-servlet\1.21.0\google-oauth-client-servlet-1.21.0.jar
21:45:41,004 (main) DEBUG [DataNucleus.Enhancer] - >>  C:\Users\sebastiand\.m2\repository\com\google\http-client\google-http-client-jdo\1.21.0\google-http-client-jdo-1.21.0.jar
21:45:41,004 (main) DEBUG [DataNucleus.Enhancer] - >>  C:\Users\sebastiand\.m2\repository\com\google\api-client\google-api-client-servlet\1.21.0\google-api-client-servlet-1.21.0.jar
21:45:41,004 (main) DEBUG [DataNucleus.Enhancer] - >>  C:\Users\sebastiand\.m2\repository\javax\jdo\jdo2-api\2.3-eb\jdo2-api-2.3-eb.jar
21:45:41,004 (main) DEBUG [DataNucleus.Enhancer] - >>  C:\Users\sebastiand\.m2\repository\javax\transaction\transaction-api\1.1\transaction-api-1.1.jar
21:45:41,004 (main) DEBUG [DataNucleus.Enhancer] - >>  C:\Users\sebastiand\.m2\repository\com\google\http-client\google-http-client-appengine\1.21.0\google-http-client-appengine-1.21.0.jar
21:45:41,004 (main) DEBUG [DataNucleus.Enhancer] - >>  C:\Users\sebastiand\.m2\repository\com\google\code\findbugs\jsr305\3.0.1\jsr305-3.0.1.jar
21:45:41,004 (main) DEBUG [DataNucleus.Enhancer] - >>  C:\Users\sebastiand\.m2\repository\io\swagger\swagger-models\1.5.9\swagger-models-1.5.9.jar
21:45:41,004 (main) DEBUG [DataNucleus.Enhancer] - >>  C:\Users\sebastiand\.m2\repository\org\slf4j\slf4j-api\1.6.3\slf4j-api-1.6.3.jar
21:45:41,004 (main) DEBUG [DataNucleus.Enhancer] - >>  C:\Users\sebastiand\.m2\repository\io\swagger\swagger-annotations\1.5.9\swagger-annotations-1.5.9.jar
21:45:41,004 (main) DEBUG [DataNucleus.Enhancer] - >>  C:\Users\sebastiand\.m2\repository\io\swagger\swagger-core\1.5.9\swagger-core-1.5.9.jar
21:45:41,004 (main) DEBUG [DataNucleus.Enhancer] - >>  C:\Users\sebastiand\.m2\repository\org\apache\commons\commons-lang3\3.2.1\commons-lang3-3.2.1.jar
21:45:41,004 (main) DEBUG [DataNucleus.Enhancer] - >>  C:\Users\sebastiand\.m2\repository\com\fasterxml\jackson\datatype\jackson-datatype-joda\2.4.5\jackson-datatype-joda-2.4.5.jar
21:45:41,008 (main) DEBUG [DataNucleus.Enhancer] - >>  C:\Users\sebastiand\.m2\repository\joda-time\joda-time\2.2\joda-time-2.2.jar
21:45:41,008 (main) DEBUG [DataNucleus.Enhancer] - >>  C:\Users\sebastiand\.m2\repository\com\fasterxml\jackson\dataformat\jackson-dataformat-yaml\2.4.5\jackson-dataformat-yaml-2.4.5.jar
21:45:41,008 (main) DEBUG [DataNucleus.Enhancer] - >>  C:\Users\sebastiand\.m2\repository\org\yaml\snakeyaml\1.12\snakeyaml-1.12.jar
21:45:41,008 (main) DEBUG [DataNucleus.Enhancer] - >>  C:\Users\sebastiand\.m2\repository\javax\validation\validation-api\1.1.0.Final\validation-api-1.1.0.Final.jar
21:45:41,008 (main) DEBUG [DataNucleus.Enhancer] - >>  C:\Users\sebastiand\.m2\repository\org\slf4j\slf4j-nop\1.7.21\slf4j-nop-1.7.21.jar
21:45:41,008 (main) DEBUG [DataNucleus.Enhancer] - >>  C:\Users\sebastiand\.m2\repository\com\google\endpoints\endpoints-management-control-appengine-all\1.0.5\endpoints-management-control-appengine-all-1.0.5.jar
21:45:41,008 (main) DEBUG [DataNucleus.Enhancer] - >>  C:\Users\sebastiand\.m2\repository\com\google\appengine\appengine-api-1.0-sdk\1.9.57\appengine-api-1.0-sdk-1.9.57.jar
21:45:41,008 (main) DEBUG [DataNucleus.Enhancer] - >>  C:\Users\sebastiand\.m2\repository\javax\servlet\servlet-api\2.5\servlet-api-2.5.jar
21:45:41,008 (main) DEBUG [DataNucleus.Enhancer] - >>  C:\Users\sebastiand\.m2\repository\javax\inject\javax.inject\1\javax.inject-1.jar
21:45:41,008 (main) DEBUG [DataNucleus.Enhancer] - >>  C:\Users\sebastiand\.m2\repository\jstl\jstl\1.2\jstl-1.2.jar
21:45:41,008 (main) DEBUG [DataNucleus.Enhancer] - >>  C:\Users\sebastiand\.m2\repository\org\hamcrest\hamcrest-core\1.3\hamcrest-core-1.3.jar
21:45:41,008 (main) DEBUG [DataNucleus.Enhancer] - >>  C:\Users\sebastiand\.m2\repository\com\jcabi\jcabi-matchers\1.4\jcabi-matchers-1.4.jar
21:45:41,008 (main) DEBUG [DataNucleus.Enhancer] - >>  C:\Users\sebastiand\.m2\repository\org\hamcrest\hamcrest-library\1.3\hamcrest-library-1.3.jar
21:45:41,008 (main) DEBUG [DataNucleus.Enhancer] - >>  C:\Users\sebastiand\.m2\repository\com\jcabi\jcabi-log\0.17.2\jcabi-log-0.17.2.jar
21:45:41,008 (main) DEBUG [DataNucleus.Enhancer] - >>  C:\Users\sebastiand\.m2\repository\com\jcabi\jcabi-aspects\0.22\jcabi-aspects-0.22.jar
21:45:41,008 (main) DEBUG [DataNucleus.Enhancer] - >>  C:\Users\sebastiand\.m2\repository\org\aspectj\aspectjrt\1.8.4\aspectjrt-1.8.4.jar
21:45:41,008 (main) DEBUG [DataNucleus.Enhancer] - Enhancing classes
21:45:41,016 (main) DEBUG [DataNucleus.MetaData] - Analizando el MetaData "file:/C:/Users/sebastiand/Documents/GitKraken/icesi/cloudcomputing-taller-endpoints-framework/target/dimayor-1.0-SNAPSHOT/WEB-INF/classes/META-INF/persistence.xml" con handler "persistence" (validar="false")
21:45:41,019 (main) DEBUG [DataNucleus.MetaData] - MetaData Management : Carga de Metadata del persistence-unit "Dimayor" ...
21:45:41,019 (main) DEBUG [DataNucleus.MetaData] - Not found any metadata mapping files for resource name META-INF/orm.xml in CLASSPATH
21:45:41,084 (main) DEBUG [DataNucleus.MetaData] - Clase "com.cloudcomputing.dimayor.model.Team" tiene anotación "javax.persistence.NamedQueries" que no esta procesado aqui. Si sea un annotacion de extension de DataNucleus, lo procesamos mas tarde.
21:45:41,084 (main) DEBUG [DataNucleus.MetaData] - Clase "com.cloudcomputing.dimayor.model.Team" tiene anotaciones de JPA y vamos a usarlas.
21:45:41,104 (main) DEBUG [DataNucleus.MetaData] - Populación del MetaData ...
21:45:41,104 (main) DEBUG [DataNucleus.MetaData] - Clase "com.cloudcomputing.dimayor.model.Team" : Populando Meta-Data
21:45:41,108 (main) DEBUG [DataNucleus.MetaData] - Inicialisación del MetaData ...
21:45:41,108 (main) DEBUG [DataNucleus.MetaData] - Clase "com.cloudcomputing.dimayor.model.Team" : Inicializando Meta-Data
21:45:41,111 (main) DEBUG [DataNucleus.MetaData] - MetaData Management : Carga de Metadata ya ha terminado
21:45:41,115 (main) DEBUG [DataNucleus.Enhancer] - Enhance de la clase "com.cloudcomputing.dimayor.model.Team" empezando ...
21:45:41,138 (main) INFO  [DataNucleus.Enhancer] - La clase "com.cloudcomputing.dimayor.model.Team" esta enhanced.
21:45:41,138 (main) DEBUG [DataNucleus.Enhancer] - Enhance de la clase "com.cloudcomputing.dimayor.model.Team" ha terminado
21:45:41,138 (main) INFO  [DataNucleus.Enhancer] - DataNucleus Enhancer ha terminado con exito para 1 clases.
21:46:19,643 (main) DEBUG [DataNucleus.General] - Using PluginRegistry org.datanucleus.plugin.NonManagedPluginRegistry
21:46:19,672 (main) DEBUG [DataNucleus.General] - Registering bundle org.sonatype.inject version 2.3.0 at URL file:/C:/Users/sebastiand/.m2/repository/org/sonatype/sisu/sisu-inject-bean/2.3.0/sisu-inject-bean-2.3.0.jar.
21:46:19,704 (main) DEBUG [DataNucleus.General] - Loading extension points from plug-in file jar:file:/C:/Users/sebastiand/.m2/repository/org/sonatype/sisu/sisu-inject-bean/2.3.0/sisu-inject-bean-2.3.0.jar!/plugin.xml.
21:46:19,704 (main) DEBUG [DataNucleus.General] - Loading extensions from plug-in file jar:file:/C:/Users/sebastiand/.m2/repository/org/sonatype/sisu/sisu-inject-bean/2.3.0/sisu-inject-bean-2.3.0.jar!/plugin.xml.
21:46:19,709 (main) DEBUG [DataNucleus.General] - Registering bundle org.datanucleus version 5.1.2 at URL file:/C:/Users/sebastiand/.m2/repository/org/datanucleus/datanucleus-core/5.1.2/datanucleus-core-5.1.2.jar.
21:46:19,714 (main) DEBUG [DataNucleus.General] - Loading extension points from plug-in file jar:file:/C:/Users/sebastiand/.m2/repository/org/datanucleus/datanucleus-core/5.1.2/datanucleus-core-5.1.2.jar!/plugin.xml.
21:46:19,722 (main) DEBUG [DataNucleus.General] - Loading extensions from plug-in file jar:file:/C:/Users/sebastiand/.m2/repository/org/datanucleus/datanucleus-core/5.1.2/datanucleus-core-5.1.2.jar!/plugin.xml.
21:46:19,723 (main) DEBUG [DataNucleus.General] - Registering bundle org.datanucleus.api.jpa version 5.1.2 at URL file:/C:/Users/sebastiand/.m2/repository/org/datanucleus/datanucleus-api-jpa/5.1.2/datanucleus-api-jpa-5.1.2.jar.
21:46:19,731 (main) DEBUG [DataNucleus.General] - Loading extension points from plug-in file jar:file:/C:/Users/sebastiand/.m2/repository/org/datanucleus/datanucleus-api-jpa/5.1.2/datanucleus-api-jpa-5.1.2.jar!/plugin.xml.
21:46:19,733 (main) DEBUG [DataNucleus.General] - Loading extensions from plug-in file jar:file:/C:/Users/sebastiand/.m2/repository/org/datanucleus/datanucleus-api-jpa/5.1.2/datanucleus-api-jpa-5.1.2.jar!/plugin.xml.
21:46:19,734 (main) DEBUG [DataNucleus.General] - Registering bundle org.datanucleus.store.rdbms version 5.1.2 at URL file:/C:/Users/sebastiand/.m2/repository/org/datanucleus/datanucleus-rdbms/5.1.2/datanucleus-rdbms-5.1.2.jar.
21:46:19,738 (main) DEBUG [DataNucleus.General] - Loading extension points from plug-in file jar:file:/C:/Users/sebastiand/.m2/repository/org/datanucleus/datanucleus-rdbms/5.1.2/datanucleus-rdbms-5.1.2.jar!/plugin.xml.
21:46:19,742 (main) DEBUG [DataNucleus.General] - Loading extensions from plug-in file jar:file:/C:/Users/sebastiand/.m2/repository/org/datanucleus/datanucleus-rdbms/5.1.2/datanucleus-rdbms-5.1.2.jar!/plugin.xml.
21:46:19,779 (main) DEBUG [DataNucleus.Persistence] - Tipos de Java inicializando ...
21:46:19,836 (main) DEBUG [DataNucleus.Persistence] - Soporte para tipos de Java listo : tipos soportados = [B, [C, [D, [F, [I, [J, [Ljava.lang.Boolean;, [Ljava.lang.Byte;, [Ljava.lang.Character;, [Ljava.lang.Double;, [Ljava.lang.Enum;, [Ljava.lang.Float;, [Ljava.lang.Integer;, [Ljava.lang.Long;, [Ljava.lang.Number;, [Ljava.lang.Object;, [Ljava.lang.Short;, [Ljava.lang.String;, [Ljava.math.BigDecimal;, [Ljava.math.BigInteger;, [Ljava.util.Date;, [Ljava.util.Locale;, [S, [Z, boolean, byte, char, double, float, int, java.awt.Color, java.awt.image.BufferedImage, java.lang.Boolean, java.lang.Byte, java.lang.Character, java.lang.Class, java.lang.Double, java.lang.Enum, java.lang.Float, java.lang.Integer, java.lang.Long, java.lang.Number, java.lang.Short, java.lang.String, java.lang.StringBuffer, java.lang.StringBuilder, java.math.BigDecimal, java.math.BigInteger, java.net.URI, java.net.URL, java.sql.Date, java.sql.Time, java.sql.Timestamp, java.time.Duration, java.time.Instant, java.time.LocalDate, java.time.LocalDateTime, java.time.LocalTime, java.time.MonthDay, java.time.OffsetDateTime, java.time.OffsetTime, java.time.Period, java.time.Year, java.time.YearMonth, java.time.ZonedDateTime, java.time.ZoneId, java.time.ZoneOffset, java.util.ArrayList, java.util.Arrays$ArrayList, java.util.BitSet, java.util.Calendar, java.util.Collection, java.util.Currency, java.util.Date, java.util.GregorianCalendar, java.util.HashMap, java.util.HashSet, java.util.Hashtable, java.util.LinkedHashMap, java.util.LinkedHashSet, java.util.LinkedList, java.util.List, java.util.Locale, java.util.Map, java.util.Optional, java.util.PriorityQueue, java.util.Properties, java.util.Queue, java.util.Set, java.util.SortedMap, java.util.SortedSet, java.util.Stack, java.util.TimeZone, java.util.TreeMap, java.util.TreeSet, java.util.UUID, java.util.Vector, long, short
21:46:19,837 (main) DEBUG [DataNucleus.MetaData] - MetaDataManager : Input=(XML,Annotations), XML-Validation=false
21:46:19,837 (main) INFO  [DataNucleus.Enhancer] - DataNucleus Enhancer (versión 5.1.2) para el API "JPA" utilisando el JRE "{2}"
21:46:19,837 (main) DEBUG [DataNucleus.Enhancer] - DataNucleus Enhancer : Classpath
21:46:19,838 (main) DEBUG [DataNucleus.Enhancer] - >>  C:\Users\sebastiand\.m2\repository\org\datanucleus\datanucleus-maven-plugin\5.0.2\datanucleus-maven-plugin-5.0.2.jar
21:46:19,838 (main) DEBUG [DataNucleus.Enhancer] - >>  C:\Users\sebastiand\.m2\repository\org\codehaus\plexus\plexus-utils\3.0.8\plexus-utils-3.0.8.jar
21:46:19,838 (main) DEBUG [DataNucleus.Enhancer] - >>  C:\Users\sebastiand\.m2\repository\org\apache\maven\maven-artifact\3.0.4\maven-artifact-3.0.4.jar
21:46:19,838 (main) DEBUG [DataNucleus.Enhancer] - >>  C:\Users\sebastiand\.m2\repository\org\apache\maven\maven-plugin-api\3.0.4\maven-plugin-api-3.0.4.jar
21:46:19,838 (main) DEBUG [DataNucleus.Enhancer] - >>  C:\Users\sebastiand\.m2\repository\org\apache\maven\maven-model\3.0.4\maven-model-3.0.4.jar
21:46:19,838 (main) DEBUG [DataNucleus.Enhancer] - >>  C:\Users\sebastiand\.m2\repository\org\sonatype\sisu\sisu-inject-plexus\2.3.0\sisu-inject-plexus-2.3.0.jar
21:46:19,838 (main) DEBUG [DataNucleus.Enhancer] - >>  C:\Users\sebastiand\.m2\repository\org\codehaus\plexus\plexus-component-annotations\1.5.5\plexus-component-annotations-1.5.5.jar
21:46:19,838 (main) DEBUG [DataNucleus.Enhancer] - >>  C:\Users\sebastiand\.m2\repository\org\sonatype\sisu\sisu-inject-bean\2.3.0\sisu-inject-bean-2.3.0.jar
21:46:19,838 (main) DEBUG [DataNucleus.Enhancer] - >>  C:\Users\sebastiand\.m2\repository\org\sonatype\sisu\sisu-guice\3.1.0\sisu-guice-3.1.0-no_aop.jar
21:46:19,838 (main) DEBUG [DataNucleus.Enhancer] - >>  C:\Users\sebastiand\.m2\repository\org\sonatype\sisu\sisu-guava\0.9.9\sisu-guava-0.9.9.jar
21:46:19,839 (main) DEBUG [DataNucleus.Enhancer] - >>  C:\Users\sebastiand\.m2\repository\org\codehaus\plexus\plexus-container-default\1.5.5\plexus-container-default-1.5.5.jar
21:46:19,839 (main) DEBUG [DataNucleus.Enhancer] - >>  C:\Users\sebastiand\.m2\repository\org\codehaus\plexus\plexus-classworlds\2.2.2\plexus-classworlds-2.2.2.jar
21:46:19,839 (main) DEBUG [DataNucleus.Enhancer] - >>  C:\Users\sebastiand\.m2\repository\org\apache\xbean\xbean-reflect\3.4\xbean-reflect-3.4.jar
21:46:19,839 (main) DEBUG [DataNucleus.Enhancer] - >>  C:\Users\sebastiand\.m2\repository\log4j\log4j\1.2.12\log4j-1.2.12.jar
21:46:19,839 (main) DEBUG [DataNucleus.Enhancer] - >>  C:\Users\sebastiand\.m2\repository\commons-logging\commons-logging-api\1.1\commons-logging-api-1.1.jar
21:46:19,839 (main) DEBUG [DataNucleus.Enhancer] - >>  C:\Users\sebastiand\.m2\repository\com\google\collections\google-collections\1.0\google-collections-1.0.jar
21:46:19,839 (main) DEBUG [DataNucleus.Enhancer] - >>  C:\Users\sebastiand\.m2\repository\junit\junit\3.8.2\junit-3.8.2.jar
21:46:19,839 (main) DEBUG [DataNucleus.Enhancer] - >>  C:\Users\sebastiand\Documents\GitKraken\icesi\cloudcomputing-taller-endpoints-framework\target\dimayor-1.0-SNAPSHOT\WEB-INF\classes
21:46:19,839 (main) DEBUG [DataNucleus.Enhancer] - >>  C:\Users\sebastiand\.m2\repository\org\datanucleus\datanucleus-core\5.1.2\datanucleus-core-5.1.2.jar
21:46:19,839 (main) DEBUG [DataNucleus.Enhancer] - >>  C:\Users\sebastiand\.m2\repository\org\datanucleus\datanucleus-api-jpa\5.1.2\datanucleus-api-jpa-5.1.2.jar
21:46:19,839 (main) DEBUG [DataNucleus.Enhancer] - >>  C:\Users\sebastiand\.m2\repository\org\datanucleus\javax.persistence\2.2.0-release\javax.persistence-2.2.0-release.jar
21:46:19,839 (main) DEBUG [DataNucleus.Enhancer] - >>  C:\Users\sebastiand\.m2\repository\log4j\log4j\1.2.17\log4j-1.2.17.jar
21:46:19,840 (main) DEBUG [DataNucleus.Enhancer] - >>  C:\Users\sebastiand\.m2\repository\org\datanucleus\datanucleus-rdbms\5.1.2\datanucleus-rdbms-5.1.2.jar
21:46:19,840 (main) DEBUG [DataNucleus.Enhancer] - >>  C:\Users\sebastiand\.m2\repository\mysql\mysql-connector-java\5.1.17\mysql-connector-java-5.1.17.jar
21:46:19,840 (main) DEBUG [DataNucleus.Enhancer] - >>  C:\Users\sebastiand\.m2\repository\org\modelmapper\modelmapper\1.0.0\modelmapper-1.0.0.jar
21:46:19,840 (main) DEBUG [DataNucleus.Enhancer] - >>  C:\Users\sebastiand\.m2\repository\com\google\endpoints\endpoints-framework\2.0.8\endpoints-framework-2.0.8.jar
21:46:19,840 (main) DEBUG [DataNucleus.Enhancer] - >>  C:\Users\sebastiand\.m2\repository\com\google\guava\guava\19.0\guava-19.0.jar
21:46:19,840 (main) DEBUG [DataNucleus.Enhancer] - >>  C:\Users\sebastiand\.m2\repository\com\fasterxml\jackson\core\jackson-annotations\2.6.4\jackson-annotations-2.6.4.jar
21:46:19,840 (main) DEBUG [DataNucleus.Enhancer] - >>  C:\Users\sebastiand\.m2\repository\com\fasterxml\jackson\core\jackson-core\2.6.4\jackson-core-2.6.4.jar
21:46:19,840 (main) DEBUG [DataNucleus.Enhancer] - >>  C:\Users\sebastiand\.m2\repository\com\fasterxml\jackson\core\jackson-databind\2.6.4\jackson-databind-2.6.4.jar
21:46:19,840 (main) DEBUG [DataNucleus.Enhancer] - >>  C:\Users\sebastiand\.m2\repository\com\google\http-client\google-http-client-jackson2\1.21.0\google-http-client-jackson2-1.21.0.jar
21:46:19,840 (main) DEBUG [DataNucleus.Enhancer] - >>  C:\Users\sebastiand\.m2\repository\com\google\http-client\google-http-client\1.21.0\google-http-client-1.21.0.jar
21:46:19,840 (main) DEBUG [DataNucleus.Enhancer] - >>  C:\Users\sebastiand\.m2\repository\org\apache\httpcomponents\httpclient\4.0.1\httpclient-4.0.1.jar
21:46:19,840 (main) DEBUG [DataNucleus.Enhancer] - >>  C:\Users\sebastiand\.m2\repository\org\apache\httpcomponents\httpcore\4.0.1\httpcore-4.0.1.jar
21:46:19,840 (main) DEBUG [DataNucleus.Enhancer] - >>  C:\Users\sebastiand\.m2\repository\commons-logging\commons-logging\1.1.1\commons-logging-1.1.1.jar
21:46:19,840 (main) DEBUG [DataNucleus.Enhancer] - >>  C:\Users\sebastiand\.m2\repository\commons-codec\commons-codec\1.3\commons-codec-1.3.jar
21:46:19,840 (main) DEBUG [DataNucleus.Enhancer] - >>  C:\Users\sebastiand\.m2\repository\com\google\api-client\google-api-client\1.21.0\google-api-client-1.21.0.jar
21:46:19,840 (main) DEBUG [DataNucleus.Enhancer] - >>  C:\Users\sebastiand\.m2\repository\com\google\oauth-client\google-oauth-client\1.21.0\google-oauth-client-1.21.0.jar
21:46:19,841 (main) DEBUG [DataNucleus.Enhancer] - >>  C:\Users\sebastiand\.m2\repository\com\google\api-client\google-api-client-appengine\1.21.0\google-api-client-appengine-1.21.0.jar
21:46:19,841 (main) DEBUG [DataNucleus.Enhancer] - >>  C:\Users\sebastiand\.m2\repository\com\google\oauth-client\google-oauth-client-appengine\1.21.0\google-oauth-client-appengine-1.21.0.jar
21:46:19,841 (main) DEBUG [DataNucleus.Enhancer] - >>  C:\Users\sebastiand\.m2\repository\com\google\oauth-client\google-oauth-client-servlet\1.21.0\google-oauth-client-servlet-1.21.0.jar
21:46:19,841 (main) DEBUG [DataNucleus.Enhancer] - >>  C:\Users\sebastiand\.m2\repository\com\google\http-client\google-http-client-jdo\1.21.0\google-http-client-jdo-1.21.0.jar
21:46:19,841 (main) DEBUG [DataNucleus.Enhancer] - >>  C:\Users\sebastiand\.m2\repository\com\google\api-client\google-api-client-servlet\1.21.0\google-api-client-servlet-1.21.0.jar
21:46:19,841 (main) DEBUG [DataNucleus.Enhancer] - >>  C:\Users\sebastiand\.m2\repository\javax\jdo\jdo2-api\2.3-eb\jdo2-api-2.3-eb.jar
21:46:19,841 (main) DEBUG [DataNucleus.Enhancer] - >>  C:\Users\sebastiand\.m2\repository\javax\transaction\transaction-api\1.1\transaction-api-1.1.jar
21:46:19,841 (main) DEBUG [DataNucleus.Enhancer] - >>  C:\Users\sebastiand\.m2\repository\com\google\http-client\google-http-client-appengine\1.21.0\google-http-client-appengine-1.21.0.jar
21:46:19,841 (main) DEBUG [DataNucleus.Enhancer] - >>  C:\Users\sebastiand\.m2\repository\com\google\code\findbugs\jsr305\3.0.1\jsr305-3.0.1.jar
21:46:19,841 (main) DEBUG [DataNucleus.Enhancer] - >>  C:\Users\sebastiand\.m2\repository\io\swagger\swagger-models\1.5.9\swagger-models-1.5.9.jar
21:46:19,841 (main) DEBUG [DataNucleus.Enhancer] - >>  C:\Users\sebastiand\.m2\repository\org\slf4j\slf4j-api\1.6.3\slf4j-api-1.6.3.jar
21:46:19,841 (main) DEBUG [DataNucleus.Enhancer] - >>  C:\Users\sebastiand\.m2\repository\io\swagger\swagger-annotations\1.5.9\swagger-annotations-1.5.9.jar
21:46:19,842 (main) DEBUG [DataNucleus.Enhancer] - >>  C:\Users\sebastiand\.m2\repository\io\swagger\swagger-core\1.5.9\swagger-core-1.5.9.jar
21:46:19,842 (main) DEBUG [DataNucleus.Enhancer] - >>  C:\Users\sebastiand\.m2\repository\org\apache\commons\commons-lang3\3.2.1\commons-lang3-3.2.1.jar
21:46:19,842 (main) DEBUG [DataNucleus.Enhancer] - >>  C:\Users\sebastiand\.m2\repository\com\fasterxml\jackson\datatype\jackson-datatype-joda\2.4.5\jackson-datatype-joda-2.4.5.jar
21:46:19,842 (main) DEBUG [DataNucleus.Enhancer] - >>  C:\Users\sebastiand\.m2\repository\joda-time\joda-time\2.2\joda-time-2.2.jar
21:46:19,842 (main) DEBUG [DataNucleus.Enhancer] - >>  C:\Users\sebastiand\.m2\repository\com\fasterxml\jackson\dataformat\jackson-dataformat-yaml\2.4.5\jackson-dataformat-yaml-2.4.5.jar
21:46:19,842 (main) DEBUG [DataNucleus.Enhancer] - >>  C:\Users\sebastiand\.m2\repository\org\yaml\snakeyaml\1.12\snakeyaml-1.12.jar
21:46:19,842 (main) DEBUG [DataNucleus.Enhancer] - >>  C:\Users\sebastiand\.m2\repository\javax\validation\validation-api\1.1.0.Final\validation-api-1.1.0.Final.jar
21:46:19,842 (main) DEBUG [DataNucleus.Enhancer] - >>  C:\Users\sebastiand\.m2\repository\org\slf4j\slf4j-nop\1.7.21\slf4j-nop-1.7.21.jar
21:46:19,842 (main) DEBUG [DataNucleus.Enhancer] - >>  C:\Users\sebastiand\.m2\repository\com\google\endpoints\endpoints-management-control-appengine-all\1.0.5\endpoints-management-control-appengine-all-1.0.5.jar
21:46:19,842 (main) DEBUG [DataNucleus.Enhancer] - >>  C:\Users\sebastiand\.m2\repository\com\google\appengine\appengine-api-1.0-sdk\1.9.57\appengine-api-1.0-sdk-1.9.57.jar
21:46:19,842 (main) DEBUG [DataNucleus.Enhancer] - >>  C:\Users\sebastiand\.m2\repository\javax\servlet\servlet-api\2.5\servlet-api-2.5.jar
21:46:19,842 (main) DEBUG [DataNucleus.Enhancer] - >>  C:\Users\sebastiand\.m2\repository\javax\inject\javax.inject\1\javax.inject-1.jar
21:46:19,842 (main) DEBUG [DataNucleus.Enhancer] - >>  C:\Users\sebastiand\.m2\repository\jstl\jstl\1.2\jstl-1.2.jar
21:46:19,843 (main) DEBUG [DataNucleus.Enhancer] - >>  C:\Users\sebastiand\.m2\repository\org\hamcrest\hamcrest-core\1.3\hamcrest-core-1.3.jar
21:46:19,843 (main) DEBUG [DataNucleus.Enhancer] - >>  C:\Users\sebastiand\.m2\repository\com\jcabi\jcabi-matchers\1.4\jcabi-matchers-1.4.jar
21:46:19,843 (main) DEBUG [DataNucleus.Enhancer] - >>  C:\Users\sebastiand\.m2\repository\org\hamcrest\hamcrest-library\1.3\hamcrest-library-1.3.jar
21:46:19,843 (main) DEBUG [DataNucleus.Enhancer] - >>  C:\Users\sebastiand\.m2\repository\com\jcabi\jcabi-log\0.17.2\jcabi-log-0.17.2.jar
21:46:19,843 (main) DEBUG [DataNucleus.Enhancer] - >>  C:\Users\sebastiand\.m2\repository\com\jcabi\jcabi-aspects\0.22\jcabi-aspects-0.22.jar
21:46:19,843 (main) DEBUG [DataNucleus.Enhancer] - >>  C:\Users\sebastiand\.m2\repository\org\aspectj\aspectjrt\1.8.4\aspectjrt-1.8.4.jar
21:46:19,844 (main) DEBUG [DataNucleus.Enhancer] - Enhancing classes
21:46:19,849 (main) DEBUG [DataNucleus.MetaData] - Analizando el MetaData "file:/C:/Users/sebastiand/Documents/GitKraken/icesi/cloudcomputing-taller-endpoints-framework/target/dimayor-1.0-SNAPSHOT/WEB-INF/classes/META-INF/persistence.xml" con handler "persistence" (validar="false")
21:46:19,857 (main) DEBUG [DataNucleus.MetaData] - MetaData Management : Carga de Metadata del persistence-unit "Dimayor" ...
21:46:19,858 (main) DEBUG [DataNucleus.MetaData] - Not found any metadata mapping files for resource name META-INF/orm.xml in CLASSPATH
21:46:19,916 (main) DEBUG [DataNucleus.MetaData] - Clase "com.cloudcomputing.dimayor.model.Team" tiene anotación "javax.persistence.NamedQueries" que no esta procesado aqui. Si sea un annotacion de extension de DataNucleus, lo procesamos mas tarde.
21:46:19,916 (main) DEBUG [DataNucleus.MetaData] - Clase "com.cloudcomputing.dimayor.model.Team" tiene anotaciones de JPA y vamos a usarlas.
21:46:19,939 (main) DEBUG [DataNucleus.MetaData] - Populación del MetaData ...
21:46:19,939 (main) DEBUG [DataNucleus.MetaData] - Clase "com.cloudcomputing.dimayor.model.Team" : Populando Meta-Data
21:46:19,943 (main) DEBUG [DataNucleus.MetaData] - Inicialisación del MetaData ...
21:46:19,943 (main) DEBUG [DataNucleus.MetaData] - Clase "com.cloudcomputing.dimayor.model.Team" : Inicializando Meta-Data
21:46:19,947 (main) DEBUG [DataNucleus.MetaData] - MetaData Management : Carga de Metadata ya ha terminado
21:46:19,959 (main) DEBUG [DataNucleus.Enhancer] - Enhance de la clase "com.cloudcomputing.dimayor.model.Team" empezando ...
21:46:19,982 (main) INFO  [DataNucleus.Enhancer] - La clase "com.cloudcomputing.dimayor.model.Team" esta enhanced.
21:46:19,982 (main) DEBUG [DataNucleus.Enhancer] - Enhance de la clase "com.cloudcomputing.dimayor.model.Team" ha terminado
21:46:19,982 (main) INFO  [DataNucleus.Enhancer] - DataNucleus Enhancer ha terminado con exito para 1 clases.
